<?xml version="1.0" encoding="UTF-8"?>
<!-- Generated by org.testng.reporters.JUnitReportReporter -->
<testsuite hostname="Rami" failures="0" tests="1" name="tests.EgyptTest" time="2.111" errors="0" timestamp="2023-03-25T18:43:44 EET" skipped="0">
  <testcase classname="tests.EgyptTest" name="VerEgySub" time="2.111"/>
  <system-out/>
</testsuite> <!-- tests.EgyptTest -->
