<?xml version="1.0" encoding="UTF-8"?>
<!-- Generated by org.testng.reporters.JUnitReportReporter -->
<testsuite hostname="Rami" failures="0" tests="1" name="tests.EmiratesTest" time="1.671" errors="0" timestamp="2023-03-25T18:43:59 EET" skipped="0">
  <testcase classname="tests.EmiratesTest" name="VerEmiratesSub" time="1.671"/>
  <system-out/>
</testsuite> <!-- tests.EmiratesTest -->
